<?xml version="1.0" encoding="utf-8"?><testsuites name="pytest tests"><testsuite name="pytest" errors="0" failures="3" skipped="0" tests="14" time="4.067" timestamp="2026-04-07T01:29:39.517423+00:00" hostname="agent-env-68c130ba-2559-4351-b87e-253387765b1a"><testcase classname="tests.test_meta_conversions_api.TestAuthLogin" name="test_login_success" time="0.527"><failure message="AssertionError: assert None == 'admin@adphantom.com'&#10; +  where None = &lt;built-in method get of dict object at 0xfd28b0dc9fc0&gt;('email')&#10; +    where &lt;built-in method get of dict object at 0xfd28b0dc9fc0&gt; = {}.get&#10; +      where {} = &lt;built-in method get of dict object at 0xfd28b0dcabc0&gt;('user', {})&#10; +        where &lt;built-in method get of dict object at 0xfd28b0dcabc0&gt; = {'access_token': 'eyJhbGciOiJIUzI1NiIsInR5cCI6IkpXVCJ9.eyJzdWIiOiJhZG1pbkBhZHBoYW50b20uY29tIiwiZXhwIjoxNzc2MTMwMTgwfQ.neruRHZezEti-ECKjJFVrJXr2XMTXrmg_zNRa8_arM4', 'token_type': 'bearer'}.get">tests/test_meta_conversions_api.py:31: in test_login_success
    assert data.get("user", {}).get("email") == ADMIN_EMAIL
E   AssertionError: assert None == 'admin@adphantom.com'
E    +  where None = &lt;built-in method get of dict object at 0xfd28b0dc9fc0&gt;('email')
E    +    where &lt;built-in method get of dict object at 0xfd28b0dc9fc0&gt; = {}.get
E    +      where {} = &lt;built-in method get of dict object at 0xfd28b0dcabc0&gt;('user', {})
E    +        where &lt;built-in method get of dict object at 0xfd28b0dcabc0&gt; = {'access_token': 'eyJhbGciOiJIUzI1NiIsInR5cCI6IkpXVCJ9.eyJzdWIiOiJhZG1pbkBhZHBoYW50b20uY29tIiwiZXhwIjoxNzc2MTMwMTgwfQ.neruRHZezEti-ECKjJFVrJXr2XMTXrmg_zNRa8_arM4', 'token_type': 'bearer'}.get</failure></testcase><testcase classname="tests.test_meta_conversions_api.TestAuthLogin" name="test_login_invalid_credentials" time="0.139" /><testcase classname="tests.test_meta_conversions_api.TestCRMLines" name="test_create_line_with_meta_config" time="0.472" /><testcase classname="tests.test_meta_conversions_api.TestCRMLines" name="test_get_lines" time="0.151" /><testcase classname="tests.test_meta_conversions_api.TestCRMLeads" name="test_create_lead_assigned_to_line" time="0.238" /><testcase classname="tests.test_meta_conversions_api.TestCRMLeads" name="test_get_leads" time="0.118"><failure message="AssertionError: Response should be a list&#10;assert False&#10; +  where False = isinstance({'leads': [{'charge_amount': 0.0, 'created_at': '2026-04-07T01:29:41.139680+00:00', 'email': 'test_3cabcf31@example.com', 'has_unread_messages': False, ...}], 'page': 1, 'pages': 1, 'total': 1}, list)">tests/test_meta_conversions_api.py:164: in test_get_leads
    assert isinstance(data, list), "Response should be a list"
E   AssertionError: Response should be a list
E   assert False
E    +  where False = isinstance({'leads': [{'charge_amount': 0.0, 'created_at': '2026-04-07T01:29:41.139680+00:00', 'email': 'test_3cabcf31@example.com', 'has_unread_messages': False, ...}], 'page': 1, 'pages': 1, 'total': 1}, list)</failure></testcase><testcase classname="tests.test_meta_conversions_api.TestLeadClassification" name="test_classify_lead_as_valido_with_conversion_value" time="0.379" /><testcase classname="tests.test_meta_conversions_api.TestManualConversion" name="test_send_manual_conversion_for_valido_lead" time="0.575" /><testcase classname="tests.test_meta_conversions_api.TestManualConversion" name="test_send_conversion_fails_for_non_valido_lead" time="0.226" /><testcase classname="tests.test_meta_conversions_api.TestWALandings" name="test_create_landing_with_pixel_config" time="0.144" /><testcase classname="tests.test_meta_conversions_api.TestWALandingTrackWA" name="test_track_wa_with_fbp_fbc" time="0.564" /><testcase classname="tests.test_meta_conversions_api.TestHealthAndMisc" name="test_health_endpoint" time="0.113" /><testcase classname="tests.test_meta_conversions_api.TestHealthAndMisc" name="test_meta_integration_status" time="0.140" /><testcase classname="tests.test_meta_conversions_api.TestCleanup" name="test_cleanup_test_data" time="0.126"><failure message="AttributeError: 'str' object has no attribute 'get'">tests/test_meta_conversions_api.py:516: in test_cleanup_test_data
    if lead.get("name", "").startswith("TEST_"):
       ^^^^^^^^
E   AttributeError: 'str' object has no attribute 'get'</failure></testcase></testsuite></testsuites>